2020-01-13 20:14:54,296 INFO [root] [base.py (__init__:13] - 正在初始化driver:<appium.webdriver.webdriver.WebDriver (session="7a91c8ee-dd52-42e0-9391-08735cb3685a")>
2020-01-13 20:14:54,316 INFO [root] [base.py (base_find:18] - 正在查找元素：('xpath', "//*[@index='1'and@class='android.widget.EditText']")
2020-01-13 20:14:58,328 INFO [root] [base.py (base_input:30] - 正在执行清空操作
2020-01-13 20:15:00,466 INFO [root] [base.py (base_input:33] - 正在给 ('xpath', "//*[@index='1'and@class='android.widget.EditText']") 元素 执行输入操作：13812345678
2020-01-13 20:15:05,340 INFO [root] [base.py (base_find:18] - 正在查找元素：('xpath', "//*[@index='2'and@class='android.widget.EditText']")
2020-01-13 20:15:05,376 INFO [root] [base.py (base_input:30] - 正在执行清空操作
2020-01-13 20:15:06,948 INFO [root] [base.py (base_input:33] - 正在给 ('xpath', "//*[@index='2'and@class='android.widget.EditText']") 元素 执行输入操作：246810
2020-01-13 20:15:12,247 INFO [root] [base.py (base_click:39] - 正在对 ('xpath', "//*[@index='4' and @class='android.widget.Button']") 元素 执行点击操作
2020-01-13 20:15:12,247 INFO [root] [base.py (base_find:18] - 正在查找元素：('xpath', "//*[@index='4' and @class='android.widget.Button']")
2020-01-13 20:15:12,393 INFO [root] [base.py (__init__:13] - 正在初始化driver:<appium.webdriver.webdriver.WebDriver (session="7a91c8ee-dd52-42e0-9391-08735cb3685a")>
2020-01-13 20:15:12,394 INFO [root] [base.py (base_find:18] - 正在查找元素：('xpath', "//*[@class='android.widget.HorizontalScrollView']")
2020-01-13 20:15:14,821 INFO [root] [base.py (base_find:18] - 正在查找元素：('xpath', "//android.widget.HorizontalScrollView//*[contains(@text,'python')]")
2020-01-13 20:15:17,971 INFO [root] [base.py (base_find:18] - 正在查找元素：('xpath', "//android.widget.HorizontalScrollView//*[contains(@text,'python')]")
2020-01-13 20:15:18,639 INFO [root] [base.py (base_find:18] - 正在查找元素：('xpath', "//*[@bounds='[0,390][1080,1716]']")
2020-01-13 20:20:44,519 INFO [root] [base.py (__init__:13] - 正在初始化driver:<appium.webdriver.webdriver.WebDriver (session="e86da932-b8e9-41de-be67-265bea5a57a0")>
2020-01-13 20:20:44,519 INFO [root] [base.py (base_find:18] - 正在查找元素：('xpath', "//*[@index='1'and@class='android.widget.EditText']")
2020-01-13 20:20:48,731 INFO [root] [base.py (base_input:30] - 正在执行清空操作
2020-01-13 20:20:50,718 INFO [root] [base.py (base_input:33] - 正在给 ('xpath', "//*[@index='1'and@class='android.widget.EditText']") 元素 执行输入操作：13812345678
2020-01-13 20:20:55,531 INFO [root] [base.py (base_find:18] - 正在查找元素：('xpath', "//*[@index='2'and@class='android.widget.EditText']")
2020-01-13 20:20:55,572 INFO [root] [base.py (base_input:30] - 正在执行清空操作
2020-01-13 20:20:57,191 INFO [root] [base.py (base_input:33] - 正在给 ('xpath', "//*[@index='2'and@class='android.widget.EditText']") 元素 执行输入操作：246810
2020-01-13 20:21:02,312 INFO [root] [base.py (base_click:39] - 正在对 ('xpath', "//*[@index='4' and @class='android.widget.Button']") 元素 执行点击操作
2020-01-13 20:21:02,312 INFO [root] [base.py (base_find:18] - 正在查找元素：('xpath', "//*[@index='4' and @class='android.widget.Button']")
2020-01-13 20:21:03,188 INFO [root] [base.py (__init__:13] - 正在初始化driver:<appium.webdriver.webdriver.WebDriver (session="e86da932-b8e9-41de-be67-265bea5a57a0")>
2020-01-13 20:21:03,189 INFO [root] [base.py (base_find:18] - 正在查找元素：('xpath', "//*[@class='android.widget.HorizontalScrollView']")
2020-01-13 20:21:04,763 INFO [root] [base.py (base_find:18] - 正在查找元素：('xpath', "//android.widget.HorizontalScrollView//*[contains(@text,'python')]")
2020-01-13 20:21:07,770 INFO [root] [base.py (base_find:18] - 正在查找元素：('xpath', "//android.widget.HorizontalScrollView//*[contains(@text,'python')]")
2020-01-13 20:21:08,437 INFO [root] [base.py (base_find:18] - 正在查找元素：('xpath', "//*[@bounds='[0,390][1080,1716]']")
2020-01-13 20:21:57,083 INFO [root] [base.py (__init__:13] - 正在初始化driver:<appium.webdriver.webdriver.WebDriver (session="41d27ac7-6c3c-4c9e-9799-c62dd49e0c9b")>
2020-01-13 20:21:57,084 INFO [root] [base.py (base_find:18] - 正在查找元素：('xpath', "//*[@index='1'and@class='android.widget.EditText']")
2020-01-13 20:22:00,963 INFO [root] [base.py (base_input:30] - 正在执行清空操作
2020-01-13 20:22:02,988 INFO [root] [base.py (base_input:33] - 正在给 ('xpath', "//*[@index='1'and@class='android.widget.EditText']") 元素 执行输入操作：13812345678
2020-01-13 20:22:07,830 INFO [root] [base.py (base_find:18] - 正在查找元素：('xpath', "//*[@index='2'and@class='android.widget.EditText']")
2020-01-13 20:22:07,866 INFO [root] [base.py (base_input:30] - 正在执行清空操作
2020-01-13 20:22:09,560 INFO [root] [base.py (base_input:33] - 正在给 ('xpath', "//*[@index='2'and@class='android.widget.EditText']") 元素 执行输入操作：246810
2020-01-13 20:22:14,325 INFO [root] [base.py (base_click:39] - 正在对 ('xpath', "//*[@index='4' and @class='android.widget.Button']") 元素 执行点击操作
2020-01-13 20:22:14,325 INFO [root] [base.py (base_find:18] - 正在查找元素：('xpath', "//*[@index='4' and @class='android.widget.Button']")
2020-01-13 20:22:14,479 INFO [root] [base.py (__init__:13] - 正在初始化driver:<appium.webdriver.webdriver.WebDriver (session="41d27ac7-6c3c-4c9e-9799-c62dd49e0c9b")>
2020-01-13 20:22:14,480 INFO [root] [base.py (base_find:18] - 正在查找元素：('xpath', "//*[@class='android.widget.HorizontalScrollView']")
2020-01-13 20:22:16,114 INFO [root] [base.py (base_find:18] - 正在查找元素：('xpath', "//android.widget.HorizontalScrollView//*[contains(@text,'python')]")
2020-01-13 20:22:19,026 INFO [root] [base.py (base_find:18] - 正在查找元素：('xpath', "//android.widget.HorizontalScrollView//*[contains(@text,'python')]")
2020-01-13 20:22:19,706 INFO [root] [base.py (base_find:18] - 正在查找元素：('xpath', "//*[@bounds='[0,390][1080,1716]']")
2020-01-13 20:27:54,710 INFO [selenium.webdriver.remote.remote_connection] [remote_connection.py (__init__:117] - Could not connect to port 4723 on host 127.0.0.1
2020-01-13 20:27:54,710 INFO [selenium.webdriver.remote.remote_connection] [remote_connection.py (__init__:136] - Could not get IP address for host: 127.0.0.1
2020-01-13 20:27:55,712 WARNING [urllib3.connectionpool] [connectionpool.py (urlopen:663] - Retrying (Retry(total=2, connect=None, read=None, redirect=None, status=None)) after connection broken by 'NewConnectionError('<urllib3.connection.HTTPConnection object at 0x03EB9470>: Failed to establish a new connection: [WinError 10061] 由于目标计算机积极拒绝，无法连接。',)': /wd/hub/session
2020-01-13 20:27:56,712 WARNING [urllib3.connectionpool] [connectionpool.py (urlopen:663] - Retrying (Retry(total=1, connect=None, read=None, redirect=None, status=None)) after connection broken by 'NewConnectionError('<urllib3.connection.HTTPConnection object at 0x03EB9530>: Failed to establish a new connection: [WinError 10061] 由于目标计算机积极拒绝，无法连接。',)': /wd/hub/session
2020-01-13 20:27:57,713 WARNING [urllib3.connectionpool] [connectionpool.py (urlopen:663] - Retrying (Retry(total=0, connect=None, read=None, redirect=None, status=None)) after connection broken by 'NewConnectionError('<urllib3.connection.HTTPConnection object at 0x03EB9550>: Failed to establish a new connection: [WinError 10061] 由于目标计算机积极拒绝，无法连接。',)': /wd/hub/session
2020-01-13 20:28:51,406 INFO [root] [base.py (__init__:13] - 正在初始化driver:<appium.webdriver.webdriver.WebDriver (session="e8f9c232-8669-4682-b866-bd9d4457f919")>
2020-01-13 20:28:51,407 INFO [root] [base.py (base_find:18] - 正在查找元素：('xpath', "//*[@index='1'and@class='android.widget.EditText']")
2020-01-13 20:28:55,175 INFO [root] [base.py (base_input:30] - 正在执行清空操作
2020-01-13 20:28:57,246 INFO [root] [base.py (base_input:33] - 正在给 ('xpath', "//*[@index='1'and@class='android.widget.EditText']") 元素 执行输入操作：13812345678
2020-01-13 20:29:02,288 INFO [root] [base.py (base_find:18] - 正在查找元素：('xpath', "//*[@index='2'and@class='android.widget.EditText']")
2020-01-13 20:29:02,325 INFO [root] [base.py (base_input:30] - 正在执行清空操作
2020-01-13 20:29:03,895 INFO [root] [base.py (base_input:33] - 正在给 ('xpath', "//*[@index='2'and@class='android.widget.EditText']") 元素 执行输入操作：246810
2020-01-13 20:29:08,704 INFO [root] [base.py (base_click:39] - 正在对 ('xpath', "//*[@index='4' and @class='android.widget.Button']") 元素 执行点击操作
2020-01-13 20:29:08,704 INFO [root] [base.py (base_find:18] - 正在查找元素：('xpath', "//*[@index='4' and @class='android.widget.Button']")
2020-01-13 20:29:08,862 INFO [root] [base.py (__init__:13] - 正在初始化driver:<appium.webdriver.webdriver.WebDriver (session="e8f9c232-8669-4682-b866-bd9d4457f919")>
2020-01-13 20:29:08,863 INFO [root] [base.py (base_find:18] - 正在查找元素：('xpath', "//*[@class='android.widget.HorizontalScrollView']")
2020-01-13 20:29:11,160 INFO [root] [base.py (base_find:18] - 正在查找元素：('xpath', "//android.widget.HorizontalScrollView//*[contains(@text,'python')]")
2020-01-13 20:29:14,195 INFO [root] [base.py (base_find:18] - 正在查找元素：('xpath', "//android.widget.HorizontalScrollView//*[contains(@text,'python')]")
2020-01-13 20:29:14,888 INFO [root] [base.py (base_find:18] - 正在查找元素：('xpath', "//*[@bounds='[0,390][1080,1722]']")
2020-01-13 20:29:16,275 INFO [root] [base.py (base_find:18] - 正在查找元素：('xpath', "//*[@bounds='[0,390][1080,1722]']//*[contains(@text,'python')]")
2020-01-13 20:29:17,158 INFO [root] [base.py (base_find:18] - 正在查找元素：('xpath', "//*[@bounds='[0,390][1080,1722]']//*[contains(@text,'python')]")
2020-01-13 20:29:20,319 INFO [root] [base.py (base_find:18] - 正在查找元素：('xpath', "//*[@bounds='[0,390][1080,1722]']//*[contains(@text,'python')]")
2020-01-13 20:29:23,135 INFO [root] [base.py (base_find:18] - 正在查找元素：('xpath', "//*[@bounds='[0,390][1080,1722]']//*[contains(@text,'python')]")
2020-01-13 20:29:26,053 INFO [root] [base.py (base_find:18] - 正在查找元素：('xpath', "//*[@bounds='[0,390][1080,1722]']//*[contains(@text,'python')]")
2020-01-13 20:29:29,055 INFO [root] [base.py (base_find:18] - 正在查找元素：('xpath', "//*[@bounds='[0,390][1080,1722]']//*[contains(@text,'python')]")
2020-01-13 20:29:31,984 INFO [root] [base.py (base_find:18] - 正在查找元素：('xpath', "//*[@bounds='[0,390][1080,1722]']//*[contains(@text,'python')]")
2020-01-13 20:29:34,797 INFO [root] [base.py (base_find:18] - 正在查找元素：('xpath', "//*[@bounds='[0,390][1080,1722]']//*[contains(@text,'python')]")
2020-01-13 20:31:06,620 INFO [root] [base.py (__init__:13] - 正在初始化driver:<appium.webdriver.webdriver.WebDriver (session="9c7db52b-a719-4c4d-aac5-567906db2881")>
2020-01-13 20:31:06,621 INFO [root] [base.py (base_find:18] - 正在查找元素：('xpath', "//*[@index='1'and@class='android.widget.EditText']")
2020-01-13 20:31:10,379 INFO [root] [base.py (base_input:30] - 正在执行清空操作
2020-01-13 20:31:12,489 INFO [root] [base.py (base_input:33] - 正在给 ('xpath', "//*[@index='1'and@class='android.widget.EditText']") 元素 执行输入操作：13812345678
2020-01-13 20:31:17,377 INFO [root] [base.py (base_find:18] - 正在查找元素：('xpath', "//*[@index='2'and@class='android.widget.EditText']")
2020-01-13 20:31:17,449 INFO [root] [base.py (base_input:30] - 正在执行清空操作
2020-01-13 20:31:19,139 INFO [root] [base.py (base_input:33] - 正在给 ('xpath', "//*[@index='2'and@class='android.widget.EditText']") 元素 执行输入操作：246810
2020-01-13 20:31:23,852 INFO [root] [base.py (base_click:39] - 正在对 ('xpath', "//*[@index='4' and @class='android.widget.Button']") 元素 执行点击操作
2020-01-13 20:31:23,852 INFO [root] [base.py (base_find:18] - 正在查找元素：('xpath', "//*[@index='4' and @class='android.widget.Button']")
2020-01-13 20:31:24,006 INFO [root] [base.py (__init__:13] - 正在初始化driver:<appium.webdriver.webdriver.WebDriver (session="9c7db52b-a719-4c4d-aac5-567906db2881")>
2020-01-13 20:31:24,007 INFO [root] [base.py (base_find:18] - 正在查找元素：('xpath', "//*[@class='android.widget.HorizontalScrollView']")
2020-01-13 20:31:26,067 INFO [root] [base.py (base_find:18] - 正在查找元素：('xpath', "//android.widget.HorizontalScrollView//*[contains(@text,'python')]")
2020-01-13 20:31:29,111 INFO [root] [base.py (base_find:18] - 正在查找元素：('xpath', "//android.widget.HorizontalScrollView//*[contains(@text,'python')]")
2020-01-13 20:31:29,715 INFO [root] [base.py (base_find:18] - 正在查找元素：('xpath', "//*[@bounds='[0,390][1080,1722]']")
2020-01-13 20:31:30,976 INFO [root] [base.py (base_find:18] - 正在查找元素：('xpath', "//*[@bounds='[0,390][1080,1722]']//*[contains(@text,'python')]")
2020-01-13 20:31:33,927 INFO [root] [base.py (base_find:18] - 正在查找元素：('xpath', "//*[@bounds='[0,390][1080,1722]']//*[contains(@text,'python')]")
